2025-03-05 10:11:09,804 - INFO - Initializing download for file WEBPXTICK_DT.zip (Index: 5889)
2025-03-05 10:11:09,804 - INFO - Requesting download file WEBPXTICK_DT.zip (Index: 5889)
2025-03-05 10:11:26,355 - INFO - Downloaded: WEBPXTICK_DT.zip (Index: 5889)
2025-03-05 10:11:26,355 - INFO - Initializing download for file TickData_structure.dat (Index: 5889)
2025-03-05 10:11:26,369 - INFO - Requesting download file TickData_structure.dat (Index: 5889)
2025-03-05 10:11:26,568 - INFO - Downloaded: TickData_structure.dat (Index: 5889)
2025-03-05 10:11:26,568 - INFO - Initializing download for file TC.txt (Index: 5889)
2025-03-05 10:11:26,570 - INFO - Requesting download file TC.txt (Index: 5889)
2025-03-05 10:11:26,752 - INFO - Downloaded: TC.txt (Index: 5889)
2025-03-05 10:11:26,846 - INFO - Initializing download for file TC_structure.dat (Index: 5889)
2025-03-05 10:11:26,848 - INFO - Requesting download file TC_structure.dat (Index: 5889)
2025-03-05 10:11:26,981 - INFO - Downloaded: TC_structure.dat (Index: 5889)
2025-03-05 10:12:51,569 - INFO - Initializing download for file WEBPXTICK_DT.zip (Index: 5459)
2025-03-05 10:12:51,569 - INFO - Requesting download file WEBPXTICK_DT.zip (Index: 5459)
2025-03-05 10:13:02,646 - INFO - Downloaded: WEBPXTICK_DT.zip (Index: 5459)
2025-03-05 10:13:02,646 - INFO - Initializing download for file TickData_structure.dat (Index: 5459)
2025-03-05 10:13:02,646 - INFO - Requesting download file TickData_structure.dat (Index: 5459)
2025-03-05 10:13:03,354 - INFO - Downloaded: TickData_structure.dat (Index: 5459)
2025-03-05 10:13:03,354 - INFO - Initializing download for file TC.txt (Index: 5459)
2025-03-05 10:13:03,354 - INFO - Requesting download file TC.txt (Index: 5459)
2025-03-05 10:13:03,669 - INFO - Downloaded: TC.txt (Index: 5459)
2025-03-05 10:13:03,669 - INFO - Initializing download for file TC_structure.dat (Index: 5459)
2025-03-05 10:13:03,683 - INFO - Requesting download file TC_structure.dat (Index: 5459)
2025-03-05 10:13:03,798 - INFO - Downloaded: TC_structure.dat (Index: 5459)
2025-03-05 10:13:03,798 - INFO - Initializing download for file WEBPXTICK_DT.zip (Index: 5460)
2025-03-05 10:13:03,798 - INFO - Requesting download file WEBPXTICK_DT.zip (Index: 5460)
2025-03-05 10:13:09,702 - INFO - Downloaded: WEBPXTICK_DT.zip (Index: 5460)
2025-03-05 10:13:09,702 - INFO - Initializing download for file TickData_structure.dat (Index: 5460)
2025-03-05 10:13:09,702 - INFO - Requesting download file TickData_structure.dat (Index: 5460)
2025-03-05 10:13:10,117 - INFO - Downloaded: TickData_structure.dat (Index: 5460)
2025-03-05 10:13:10,117 - INFO - Initializing download for file TC.txt (Index: 5460)
2025-03-05 10:13:10,117 - INFO - Requesting download file TC.txt (Index: 5460)
2025-03-05 10:13:11,094 - INFO - Downloaded: TC.txt (Index: 5460)
2025-03-05 10:13:11,094 - INFO - Initializing download for file TC_structure.dat (Index: 5460)
2025-03-05 10:13:11,094 - INFO - Requesting download file TC_structure.dat (Index: 5460)
2025-03-05 10:13:11,365 - INFO - Downloaded: TC_structure.dat (Index: 5460)
2025-03-05 10:13:11,365 - INFO - Initializing download for file WEBPXTICK_DT.zip (Index: 5461)
2025-03-05 10:13:11,366 - INFO - Requesting download file WEBPXTICK_DT.zip (Index: 5461)
2025-03-05 10:13:18,898 - INFO - Downloaded: WEBPXTICK_DT.zip (Index: 5461)
2025-03-05 10:13:18,898 - INFO - Initializing download for file TickData_structure.dat (Index: 5461)
2025-03-05 10:13:18,905 - INFO - Requesting download file TickData_structure.dat (Index: 5461)
2025-03-05 10:13:19,378 - INFO - Downloaded: TickData_structure.dat (Index: 5461)
2025-03-05 10:13:19,378 - INFO - Initializing download for file TC.txt (Index: 5461)
2025-03-05 10:13:19,378 - INFO - Requesting download file TC.txt (Index: 5461)
2025-03-05 10:13:19,652 - INFO - Downloaded: TC.txt (Index: 5461)
2025-03-05 10:13:19,652 - INFO - Initializing download for file TC_structure.dat (Index: 5461)
2025-03-05 10:13:19,653 - INFO - Requesting download file TC_structure.dat (Index: 5461)
2025-03-05 10:13:19,743 - INFO - Downloaded: TC_structure.dat (Index: 5461)
